-------------------------------------------------------------------------------
Test set: com.parkit.parkingsystem.ParkingSpotDaoTest
-------------------------------------------------------------------------------
Tests run: 5, Failures: 1, Errors: 0, Skipped: 0, Time elapsed: 0.053 s <<< FAILURE! - in com.parkit.parkingsystem.ParkingSpotDaoTest
testGetNextAvailableSlotBike  Time elapsed: 0.011 s  <<< FAILURE!
java.lang.AssertionError: expected:<4> but was:<5>
	at com.parkit.parkingsystem.ParkingSpotDaoTest.testGetNextAvailableSlotBike(ParkingSpotDaoTest.java:41)

