-------------------------------------------------------------------------------
Test set: com.parkit.parkingsystem.InputReaderUtilTest
-------------------------------------------------------------------------------
Tests run: 5, Failures: 2, Errors: 1, Skipped: 0, Time elapsed: 0.053 s <<< FAILURE! - in com.parkit.parkingsystem.InputReaderUtilTest
testReadVehicleRegistrationNumber  Time elapsed: 0.018 s  <<< ERROR!
java.util.NoSuchElementException: No line found
	at com.parkit.parkingsystem.InputReaderUtilTest.testReadVehicleRegistrationNumber(InputReaderUtilTest.java:27)

readVehicleRegistrationNumber_shouldThrowIllegalArgumentException_WhenInputIsNullOrVoid  Time elapsed: 0.028 s  <<< FAILURE!
java.lang.AssertionError: unexpected exception type thrown; expected:<java.lang.IllegalArgumentException> but was:<java.util.NoSuchElementException>
	at com.parkit.parkingsystem.InputReaderUtilTest.readVehicleRegistrationNumber_shouldThrowIllegalArgumentException_WhenInputIsNullOrVoid(InputReaderUtilTest.java:82)
Caused by: java.util.NoSuchElementException: No line found
	at com.parkit.parkingsystem.InputReaderUtilTest.lambda$readVehicleRegistrationNumber_shouldThrowIllegalArgumentException_WhenInputIsNullOrVoid$1(InputReaderUtilTest.java:82)
	at com.parkit.parkingsystem.InputReaderUtilTest.readVehicleRegistrationNumber_shouldThrowIllegalArgumentException_WhenInputIsNullOrVoid(InputReaderUtilTest.java:82)

testReadVehicleRegistrationNumberWithInvalidInput  Time elapsed: 0.005 s  <<< FAILURE!
java.lang.AssertionError: unexpected exception type thrown; expected:<java.lang.IllegalArgumentException> but was:<java.util.NoSuchElementException>
	at com.parkit.parkingsystem.InputReaderUtilTest.testReadVehicleRegistrationNumberWithInvalidInput(InputReaderUtilTest.java:39)
Caused by: java.util.NoSuchElementException: No line found
	at com.parkit.parkingsystem.InputReaderUtilTest.lambda$testReadVehicleRegistrationNumberWithInvalidInput$0(InputReaderUtilTest.java:40)
	at com.parkit.parkingsystem.InputReaderUtilTest.testReadVehicleRegistrationNumberWithInvalidInput(InputReaderUtilTest.java:39)

